{
  "stats": {
    "suites": 1,
    "tests": 2,
    "passes": 2,
    "pending": 0,
    "failures": 0,
    "start": "2024-03-27T14:16:45.082Z",
    "end": "2024-03-27T14:17:25.755Z",
    "duration": 40673,
    "testsRegistered": 2,
    "passPercent": 100,
    "pendingPercent": 0,
    "other": 0,
    "hasOther": false,
    "skipped": 0,
    "hasSkipped": false
  },
  "results": [
    {
      "uuid": "d12fa42b-1a19-461f-baeb-ca9d6894ca88",
      "title": "",
      "fullFile": "cypress\\e2e\\TC-01.cy.js",
      "file": "cypress\\e2e\\TC-01.cy.js",
      "beforeHooks": [],
      "afterHooks": [],
      "tests": [
        {
          "title": "Deve abrir a página da Amazon, pesquisar por \"Devops\" e acessar o link \"Manual de DevOps\"",
          "fullTitle": "Deve abrir a página da Amazon, pesquisar por \"Devops\" e acessar o link \"Manual de DevOps\"",
          "timedOut": null,
          "duration": 27978,
          "state": "passed",
          "speed": "slow",
          "pass": true,
          "fail": false,
          "pending": false,
          "context": null,
          "code": "cy.visit('https://amazon.com.br/');\ncy.wait(5000);\n// Digitar \"Devops\" na caixa de pesquisa\ncy.get('#twotabsearchtextbox').type('Devops');\n// Clicar no botão de pesquisa\ncy.get('#nav-search-submit-button').click();\ncy.wait(2000); // Tempo de espera (ajuste conforme necessário)\n// Clicar no link \"Manual de DevOps\"\ncy.contains('Manual de DevOps').click();\n// Adicionar livro ao carrinho \ncy.get('#add-to-cart-button').click();\n// Verificar se a mensagem \"Adicionado ao carrinho\" está presente\ncy.get('.a-size-medium-plus').should('contain.text', 'Adicionado ao carrinho');",
          "err": {},
          "uuid": "20e35ae8-af30-46f6-8b4f-34c1b2382463",
          "parentUUID": "d12fa42b-1a19-461f-baeb-ca9d6894ca88",
          "isHook": false,
          "skipped": false
        }
      ],
      "suites": [
        {
          "uuid": "39860e24-4005-4a07-bce3-f28983347668",
          "title": "Acessar a Amazon",
          "fullFile": "",
          "file": "",
          "beforeHooks": [],
          "afterHooks": [],
          "tests": [
            {
              "title": "Deve abrir a página da Amazon e digitar a pesquisa",
              "fullTitle": "Acessar a Amazon Deve abrir a página da Amazon e digitar a pesquisa",
              "timedOut": null,
              "duration": 8865,
              "state": "passed",
              "speed": "medium",
              "pass": true,
              "fail": false,
              "pending": false,
              "context": null,
              "code": "cy.visit('https://amazon.com.br/');\ncy.get('#twotabsearchtextbox').type('Devops');\ncy.get('#nav-search-submit-button').click();",
              "err": {},
              "uuid": "c5dbc5f3-494b-408b-8597-71613f9ee78c",
              "parentUUID": "39860e24-4005-4a07-bce3-f28983347668",
              "isHook": false,
              "skipped": false
            }
          ],
          "suites": [],
          "passes": [
            "c5dbc5f3-494b-408b-8597-71613f9ee78c"
          ],
          "failures": [],
          "pending": [],
          "skipped": [],
          "duration": 8865,
          "root": false,
          "rootEmpty": false,
          "_timeout": 2000
        }
      ],
      "passes": [
        "20e35ae8-af30-46f6-8b4f-34c1b2382463"
      ],
      "failures": [],
      "pending": [],
      "skipped": [],
      "duration": 27978,
      "root": true,
      "rootEmpty": false,
      "_timeout": 2000
    }
  ],
  "meta": {
    "mocha": {
      "version": "7.0.1"
    },
    "mochawesome": {
      "options": {
        "quiet": false,
        "reportFilename": "mochawesome",
        "saveHtml": true,
        "saveJson": true,
        "consoleReporter": "spec",
        "useInlineDiffs": false,
        "code": true
      },
      "version": "7.1.3"
    },
    "marge": {
      "options": {
        "configFile": "package.json"
      },
      "version": "6.2.0"
    }
  }
}