{
  "stats": {
    "suites": 1,
    "tests": 2,
    "passes": 2,
    "pending": 0,
    "failures": 0,
    "start": "2024-03-27T15:22:10.487Z",
    "end": "2024-03-27T15:22:49.920Z",
    "duration": 39433,
    "testsRegistered": 2,
    "passPercent": 100,
    "pendingPercent": 0,
    "other": 0,
    "hasOther": false,
    "skipped": 0,
    "hasSkipped": false
  },
  "results": [
    {
      "uuid": "18e3cfb5-a779-4cfd-918f-956e1020d4b1",
      "title": "",
      "fullFile": "cypress\\e2e\\TC-01.cy.js",
      "file": "cypress\\e2e\\TC-01.cy.js",
      "beforeHooks": [],
      "afterHooks": [],
      "tests": [
        {
          "title": "Deve abrir a página da Amazon, pesquisar por \"Devops\" e acessar o link \"Manual de DevOps\"",
          "fullTitle": "Deve abrir a página da Amazon, pesquisar por \"Devops\" e acessar o link \"Manual de DevOps\"",
          "timedOut": null,
          "duration": 26454,
          "state": "passed",
          "speed": "slow",
          "pass": true,
          "fail": false,
          "pending": false,
          "context": null,
          "code": "cy.visit('https://amazon.com.br/');\ncy.wait(5000);\n// Digitar \"Devops\" na caixa de pesquisa\ncy.get('#twotabsearchtextbox').type('Devops');\n// Clicar no botão de pesquisa\ncy.get('#nav-search-submit-button').click();\ncy.wait(2000); // Tempo de espera (ajuste conforme necessário)\n// Clicar no link \"Manual de DevOps\"\ncy.contains('Manual de DevOps').click();\n// Adicionar livro ao carrinho \ncy.get('#add-to-cart-button').click();\n// Verificar se a mensagem \"Adicionado ao carrinho\" está presente\ncy.get('.a-size-medium-plus').should('contain.text', 'Adicionado ao carrinho');",
          "err": {},
          "uuid": "1e5ae42e-7ecf-4117-a92a-f2643a1e8de2",
          "parentUUID": "18e3cfb5-a779-4cfd-918f-956e1020d4b1",
          "isHook": false,
          "skipped": false
        }
      ],
      "suites": [
        {
          "uuid": "5193c5b1-1157-4459-9a0c-61f71052812b",
          "title": "Acessar a Amazon",
          "fullFile": "",
          "file": "",
          "beforeHooks": [],
          "afterHooks": [],
          "tests": [
            {
              "title": "Deve abrir a página da Amazon e digitar a pesquisa",
              "fullTitle": "Acessar a Amazon Deve abrir a página da Amazon e digitar a pesquisa",
              "timedOut": null,
              "duration": 9127,
              "state": "passed",
              "speed": "medium",
              "pass": true,
              "fail": false,
              "pending": false,
              "context": null,
              "code": "cy.visit('https://amazon.com.br/');\ncy.get('#twotabsearchtextbox').type('Devops');\ncy.get('#nav-search-submit-button').click();",
              "err": {},
              "uuid": "ddbfcf0f-1f42-48b5-9743-81ab98a37775",
              "parentUUID": "5193c5b1-1157-4459-9a0c-61f71052812b",
              "isHook": false,
              "skipped": false
            }
          ],
          "suites": [],
          "passes": [
            "ddbfcf0f-1f42-48b5-9743-81ab98a37775"
          ],
          "failures": [],
          "pending": [],
          "skipped": [],
          "duration": 9127,
          "root": false,
          "rootEmpty": false,
          "_timeout": 2000
        }
      ],
      "passes": [
        "1e5ae42e-7ecf-4117-a92a-f2643a1e8de2"
      ],
      "failures": [],
      "pending": [],
      "skipped": [],
      "duration": 26454,
      "root": true,
      "rootEmpty": false,
      "_timeout": 2000
    }
  ],
  "meta": {
    "mocha": {
      "version": "7.0.1"
    },
    "mochawesome": {
      "options": {
        "quiet": false,
        "reportFilename": "mochawesome",
        "saveHtml": true,
        "saveJson": true,
        "consoleReporter": "spec",
        "useInlineDiffs": false,
        "code": true
      },
      "version": "7.1.3"
    },
    "marge": {
      "options": {
        "configFile": "package.json"
      },
      "version": "6.2.0"
    }
  }
}