{
  "stats": {
    "suites": 1,
    "tests": 2,
    "passes": 2,
    "pending": 0,
    "failures": 0,
    "start": "2024-03-27T14:03:02.627Z",
    "end": "2024-03-27T14:03:40.073Z",
    "duration": 37446,
    "testsRegistered": 2,
    "passPercent": 100,
    "pendingPercent": 0,
    "other": 0,
    "hasOther": false,
    "skipped": 0,
    "hasSkipped": false
  },
  "results": [
    {
      "uuid": "7c05b3fe-cabd-42e9-b441-239e8624a4cf",
      "title": "",
      "fullFile": "cypress\\e2e\\TC-01.cy.js",
      "file": "cypress\\e2e\\TC-01.cy.js",
      "beforeHooks": [],
      "afterHooks": [],
      "tests": [
        {
          "title": "Deve abrir a página da Amazon, pesquisar por \"Devops\" e acessar o link \"Manual de DevOps\"",
          "fullTitle": "Deve abrir a página da Amazon, pesquisar por \"Devops\" e acessar o link \"Manual de DevOps\"",
          "timedOut": null,
          "duration": 26588,
          "state": "passed",
          "speed": "slow",
          "pass": true,
          "fail": false,
          "pending": false,
          "context": null,
          "code": "cy.visit('https://amazon.com.br/');\ncy.wait(5000);\n// Digitar \"Devops\" na caixa de pesquisa\ncy.get('#twotabsearchtextbox').type('Devops');\n// Clicar no botão de pesquisa\ncy.get('#nav-search-submit-button').click();\ncy.wait(2000); // Tempo de espera (ajuste conforme necessário)\n// Clicar no link \"Manual de DevOps\"\ncy.contains('Manual de DevOps').click();\n// Adicionar livro ao carrinho \ncy.get('#add-to-cart-button').click();\n// Verificar se a mensagem \"Adicionado ao carrinho\" está presente\ncy.get('.a-size-medium-plus').should('contain.text', 'Adicionado ao carrinho');",
          "err": {},
          "uuid": "c424acf8-19ab-4956-a547-245ac614a292",
          "parentUUID": "7c05b3fe-cabd-42e9-b441-239e8624a4cf",
          "isHook": false,
          "skipped": false
        }
      ],
      "suites": [
        {
          "uuid": "8ca0b414-8ac2-4997-a576-03470699359c",
          "title": "Acessar a Amazon",
          "fullFile": "",
          "file": "",
          "beforeHooks": [],
          "afterHooks": [],
          "tests": [
            {
              "title": "Deve abrir a página da Amazon e digitar a pesquisa",
              "fullTitle": "Acessar a Amazon Deve abrir a página da Amazon e digitar a pesquisa",
              "timedOut": null,
              "duration": 7145,
              "state": "passed",
              "speed": "medium",
              "pass": true,
              "fail": false,
              "pending": false,
              "context": null,
              "code": "cy.visit('https://amazon.com.br/');\ncy.get('#twotabsearchtextbox').type('Devops');\ncy.get('#nav-search-submit-button').click();",
              "err": {},
              "uuid": "81e6a366-6269-43f4-894e-e5eb0cc11ece",
              "parentUUID": "8ca0b414-8ac2-4997-a576-03470699359c",
              "isHook": false,
              "skipped": false
            }
          ],
          "suites": [],
          "passes": [
            "81e6a366-6269-43f4-894e-e5eb0cc11ece"
          ],
          "failures": [],
          "pending": [],
          "skipped": [],
          "duration": 7145,
          "root": false,
          "rootEmpty": false,
          "_timeout": 2000
        }
      ],
      "passes": [
        "c424acf8-19ab-4956-a547-245ac614a292"
      ],
      "failures": [],
      "pending": [],
      "skipped": [],
      "duration": 26588,
      "root": true,
      "rootEmpty": false,
      "_timeout": 2000
    }
  ],
  "meta": {
    "mocha": {
      "version": "7.0.1"
    },
    "mochawesome": {
      "options": {
        "quiet": false,
        "reportFilename": "mochawesome",
        "saveHtml": true,
        "saveJson": true,
        "consoleReporter": "spec",
        "useInlineDiffs": false,
        "code": true
      },
      "version": "7.1.3"
    },
    "marge": {
      "options": {
        "configFile": "cypress.json"
      },
      "version": "6.2.0"
    }
  }
}